2025-03-16 19:42:33[main][INFO ]com.sam.updater.CheckForUpdate-loading  xml file from server URL: http://localhost:9090/updates/product
2025-03-16 19:42:33[main][ERROR]com.sam.updater.CheckForUpdate-I/O error occurred while connecting to URL: http://localhost:9090/updates/product
java.net.ConnectException: Connection refused: connect
	at java.base/sun.nio.ch.Net.connect0(Native Method)
	at java.base/sun.nio.ch.Net.connect(Net.java:579)
	at java.base/sun.nio.ch.Net.connect(Net.java:568)
	at java.base/sun.nio.ch.NioSocketImpl.connect(NioSocketImpl.java:593)
	at java.base/java.net.Socket.connect(Socket.java:633)
	at java.base/java.net.Socket.connect(Socket.java:583)
	at java.base/sun.net.NetworkClient.doConnect(NetworkClient.java:183)
	at java.base/sun.net.www.http.HttpClient.openServer(HttpClient.java:533)
	at java.base/sun.net.www.http.HttpClient.openServer(HttpClient.java:638)
	at java.base/sun.net.www.http.HttpClient.<init>(HttpClient.java:281)
	at java.base/sun.net.www.http.HttpClient.New(HttpClient.java:386)
	at java.base/sun.net.www.http.HttpClient.New(HttpClient.java:408)
	at java.base/sun.net.www.protocol.http.HttpURLConnection.getNewHttpClient(HttpURLConnection.java:1324)
	at java.base/sun.net.www.protocol.http.HttpURLConnection.plainConnect0(HttpURLConnection.java:1257)
	at java.base/sun.net.www.protocol.http.HttpURLConnection.plainConnect(HttpURLConnection.java:1143)
	at java.base/sun.net.www.protocol.http.HttpURLConnection.connect(HttpURLConnection.java:1072)
	at java.base/sun.net.www.protocol.http.HttpURLConnection.getInputStream0(HttpURLConnection.java:1702)
	at java.base/sun.net.www.protocol.http.HttpURLConnection.getInputStream(HttpURLConnection.java:1626)
	at java.base/java.net.HttpURLConnection.getResponseCode(HttpURLConnection.java:529)
	at com.sam.updater.CheckForUpdate.loadCurrentUpdateMetaDataFromServer(CheckForUpdate.java:210)
	at com.sam.updater.CheckForUpdate.checkIfUpdateAvailable(CheckForUpdate.java:179)
	at com.sam.Main.main(Main.java:13)
2025-03-16 19:42:33[main][ERROR]com.sam.updater.CheckForUpdate-The file does not exist at: C:\Users\vitthals\Desktop\Sameer\Updater\target\MetaData\update_meta_data.xml
2025-03-16 19:42:33[main][INFO ]com.sam.updater.CheckForUpdate-checking if new updates are available URL: http://localhost:9090/updates/product
2025-03-16 19:42:33[main][ERROR]com.sam.updater.CheckForUpdate-I/O error occurred while connecting to URL: http://localhost:9090/updates/product
java.net.ConnectException: Connection refused: connect
	at java.base/sun.nio.ch.Net.connect0(Native Method)
	at java.base/sun.nio.ch.Net.connect(Net.java:579)
	at java.base/sun.nio.ch.Net.connect(Net.java:568)
	at java.base/sun.nio.ch.NioSocketImpl.connect(NioSocketImpl.java:593)
	at java.base/java.net.Socket.connect(Socket.java:633)
	at java.base/java.net.Socket.connect(Socket.java:583)
	at java.base/sun.net.NetworkClient.doConnect(NetworkClient.java:183)
	at java.base/sun.net.www.http.HttpClient.openServer(HttpClient.java:533)
	at java.base/sun.net.www.http.HttpClient.openServer(HttpClient.java:638)
	at java.base/sun.net.www.http.HttpClient.<init>(HttpClient.java:281)
	at java.base/sun.net.www.http.HttpClient.New(HttpClient.java:386)
	at java.base/sun.net.www.http.HttpClient.New(HttpClient.java:408)
	at java.base/sun.net.www.protocol.http.HttpURLConnection.getNewHttpClient(HttpURLConnection.java:1324)
	at java.base/sun.net.www.protocol.http.HttpURLConnection.plainConnect0(HttpURLConnection.java:1257)
	at java.base/sun.net.www.protocol.http.HttpURLConnection.plainConnect(HttpURLConnection.java:1143)
	at java.base/sun.net.www.protocol.http.HttpURLConnection.connect(HttpURLConnection.java:1072)
	at java.base/sun.net.www.protocol.http.HttpURLConnection.getInputStream0(HttpURLConnection.java:1702)
	at java.base/sun.net.www.protocol.http.HttpURLConnection.getInputStream(HttpURLConnection.java:1626)
	at java.base/java.net.HttpURLConnection.getResponseCode(HttpURLConnection.java:529)
	at com.sam.updater.CheckForUpdate.downloadXmlFileFromServer(CheckForUpdate.java:63)
	at com.sam.updater.CheckForUpdate.loadLocalUpdateMetaData(CheckForUpdate.java:147)
	at com.sam.updater.CheckForUpdate.checkIfUpdateAvailable(CheckForUpdate.java:180)
	at com.sam.Main.main(Main.java:13)
2025-03-16 19:42:33[main][INFO ]com.sam.updater.CheckForUpdate-loading local xml file from directory: C:\Users\vitthals\Desktop\Sameer\Updater\target\MetaData\update_meta_data.xml
2025-03-16 19:42:33[main][ERROR]com.sam.updater.CheckForUpdate-Error reading the file
java.nio.file.NoSuchFileException: C:\Users\vitthals\Desktop\Sameer\Updater\target\MetaData\update_meta_data.xml
	at java.base/sun.nio.fs.WindowsException.translateToIOException(WindowsException.java:85)
	at java.base/sun.nio.fs.WindowsException.rethrowAsIOException(WindowsException.java:103)
	at java.base/sun.nio.fs.WindowsException.rethrowAsIOException(WindowsException.java:108)
	at java.base/sun.nio.fs.WindowsFileSystemProvider.newByteChannel(WindowsFileSystemProvider.java:236)
	at java.base/java.nio.file.Files.newByteChannel(Files.java:380)
	at java.base/java.nio.file.Files.newByteChannel(Files.java:432)
	at java.base/java.nio.file.spi.FileSystemProvider.newInputStream(FileSystemProvider.java:422)
	at java.base/java.nio.file.Files.newInputStream(Files.java:160)
	at com.sam.updater.CheckForUpdate.loadLocalUpdateMetaData(CheckForUpdate.java:153)
	at com.sam.updater.CheckForUpdate.checkIfUpdateAvailable(CheckForUpdate.java:180)
	at com.sam.Main.main(Main.java:13)
2025-03-16 20:14:11[main][INFO ]com.sam.updater.CheckForUpdate-Taking backup currentLocationPath : C:\Users\vitthals\Desktop\Sameer\Updater\target\Teawizzard backupLocationPath : C:\Users\vitthals\Desktop\Sameer\Updater\targetbkp\Teawizzard.backup 
2025-03-16 20:16:06[main][INFO ]com.sam.updater.CheckForUpdate-Taking backup currentLocationPath : C:\Users\vitthals\Desktop\Sameer\Updater\target\Test2-Updated.jar backupLocationPath : C:\Users\vitthals\Desktop\Sameer\Updater\targetbkp\Test2-Updated.jar.backup 
2025-03-16 20:17:12[main][INFO ]com.sam.updater.CheckForUpdate-Taking backup currentLocationPath : C:\Users\vitthals\Desktop\Sameer\Updater\target\Test2-Updated.jar backupLocationPath : C:\Users\vitthals\Desktop\Sameer\Updater\target\bkp\Test2-Updated.jar.backup 
2025-03-16 20:17:56[main][INFO ]com.sam.updater.CheckForUpdate-Taking backup currentLocationPath : C:\Users\vitthals\Desktop\Sameer\Updater\target\Test2-Updated.jar backupLocationPath : C:\Users\vitthals\Desktop\Sameer\Updater\target\bkp\Test2-Updated.jar 
2025-03-16 20:21:17[main][INFO ]com.sam.updater.CheckForUpdate-Taking backup: currentLocationPath : C:\Users\vitthals\Desktop\Sameer\Updater\target\Test2-Updated.jar backupLocationPath : C:\Users\vitthals\Desktop\Sameer\Updater\target\bkp\Test2-Updated.jar
2025-03-16 20:21:17[main][INFO ]com.sam.updater.CheckForUpdate-Backup is successful...
2025-03-16 20:38:32[main][INFO ]com.sam.updater.CheckForUpdate-Taking backup: currentLocationPath : C:\Users\vitthals\Desktop\Sameer\Updater\target\Test2-Updated.jar backupLocationPath : C:\Users\vitthals\Desktop\Sameer\Updater\target\bkp\Test2-Updated.jar
2025-03-16 20:38:32[main][INFO ]com.sam.updater.CheckForUpdate-Backup is successful...
2025-03-16 20:40:00[main][INFO ]com.sam.updater.CheckForUpdate-Taking backup: currentLocationPath : C:\Users\vitthals\Desktop\Sameer\Updater\target\Test2-Updated.jar, backupLocationPath : C:\Users\vitthals\Desktop\Sameer\Updater\target\bkp\Test2-Updated.jar
2025-03-16 21:24:08[main][INFO ]com.sam.updater.CheckForUpdate-Taking backup: currentLocationPath : C:\Users\vitthals\Desktop\Sameer\Updater\target\Test2-Updated.jar, backupLocationPath : C:\Users\vitthals\Desktop\Sameer\Updater\target\bkp\Test2-Updated.jar
2025-03-16 21:26:00[main][INFO ]com.sam.updater.CheckForUpdate-Taking backup: currentLocationPath : C:\Users\vitthals\Desktop\Sameer\Updater\target\Test2-Updated.jar, backupLocationPath : C:\Users\vitthals\Desktop\Sameer\Updater\target\bkp\Test2-Updated.jar
2025-03-16 21:26:00[main][INFO ]com.sam.updater.CheckForUpdate-Source file does not exist: C:\Users\vitthals\Desktop\Sameer\Updater\target\Test2-Updated.jar
2025-03-16 21:26:00[main][INFO ]com.sam.updater.CheckForUpdate-File renamed successfully from old.jar to new.jar
2025-03-16 21:26:02[main][INFO ]com.sam.updater.CheckForUpdate-Taking backup: currentLocationPath : C:\Users\vitthals\Desktop\Sameer\Updater\target\Test2-Updated.jar, backupLocationPath : C:\Users\vitthals\Desktop\Sameer\Updater\target\bkp\Test2-Updated.jar
2025-03-16 21:26:02[main][INFO ]com.sam.updater.CheckForUpdate-Source file does not exist: C:\Users\vitthals\Desktop\Sameer\Updater\target\Test2-Updated.jar
2025-03-16 21:27:23[main][INFO ]com.sam.updater.CheckForUpdate-Taking backup: currentLocationPath : C:\Users\vitthals\Desktop\Sameer\Updater\target\Test2-Updated.jar, backupLocationPath : C:\Users\vitthals\Desktop\Sameer\Updater\target\bkp\Test2-Updated.jar
2025-03-16 21:27:23[main][INFO ]com.sam.updater.CheckForUpdate-Source file does not exist: C:\Users\vitthals\Desktop\Sameer\Updater\target\Test2-Updated.jar
2025-03-16 21:27:23[main][INFO ]com.sam.updater.CheckForUpdate-File renamed successfully from old.jar to new.jar
2025-03-16 21:37:33[main][INFO ]com.sam.updater.CheckForUpdate-Taking backup: currentLocationPath : C:\Users\vitthals\Desktop\Sameer\Updater\target\Test2-Updated.jar, backupLocationPath : C:\Users\vitthals\Desktop\Sameer\Updater\target\bkp\Test2-Updated.jar
2025-03-16 21:37:33[main][INFO ]com.sam.updater.CheckForUpdate-Source file does not exist: C:\Users\vitthals\Desktop\Sameer\Updater\target\Test2-Updated.jar
2025-03-16 21:37:33[main][WARN ]com.sam.updater.CheckForUpdate-Original file does not exist: C:\Users\vitthals\Desktop\Sameer\Updater\target\old.jar
2025-03-16 21:37:33[main][INFO ]com.sam.updater.CheckForUpdate-JAR file is starting...
2025-03-16 21:37:43[main][INFO ]com.sam.updater.CheckForUpdate-Process finished with exit code: 0
2025-03-16 21:40:02[main][INFO ]com.sam.updater.CheckForUpdate-Taking backup: currentLocationPath : C:\Users\vitthals\Desktop\Sameer\Updater\target\Test2-Updated.jar, backupLocationPath : C:\Users\vitthals\Desktop\Sameer\Updater\target\bkp\Test2-Updated.jar
2025-03-16 21:40:02[main][INFO ]com.sam.updater.CheckForUpdate-Backup failed since Source file does not exist: C:\Users\vitthals\Desktop\Sameer\Updater\target\Test2-Updated.jar
2025-03-16 21:40:02[main][WARN ]com.sam.updater.CheckForUpdate-Rename failed since Original file does not exist: C:\Users\vitthals\Desktop\Sameer\Updater\target\old.jar
2025-03-16 21:40:02[main][INFO ]com.sam.updater.CheckForUpdate-JAR file is starting...
2025-03-16 21:40:06[main][INFO ]com.sam.updater.CheckForUpdate-Process finished with exit code: 0
2025-03-16 21:41:43[main][INFO ]com.sam.updater.CheckForUpdate-Taking backup: currentLocationPath : C:\Users\vitthals\Desktop\Sameer\Updater\target\Test2-Updated.jar, backupLocationPath : C:\Users\vitthals\Desktop\Sameer\Updater\target\bkp\Test2-Updated.jar
2025-03-16 21:41:43[main][INFO ]com.sam.updater.CheckForUpdate-Backup failed since Source file does not exist: C:\Users\vitthals\Desktop\Sameer\Updater\target\Test2-Updated.jar
2025-03-16 21:41:43[main][WARN ]com.sam.updater.CheckForUpdate-Rename failed since Original file does not exist: C:\Users\vitthals\Desktop\Sameer\Updater\target\old.jar
2025-03-16 21:41:43[main][INFO ]com.sam.updater.CheckForUpdate-JAR file is starting...
2025-03-16 22:10:09[main][INFO ]com.sam.updater.CheckForUpdate-loading  xml file from server URL: http://localhost:9090/updates/product
2025-03-16 22:10:09[main][ERROR]com.sam.updater.CheckForUpdate-Failed to connect to the server. Response code: 500
2025-03-16 22:10:09[main][ERROR]com.sam.updater.CheckForUpdate-The file does not exist at: C:\Users\vitthals\Desktop\Sameer\Updater\target\MetaData\update_meta_data.xml
2025-03-16 22:10:09[main][INFO ]com.sam.updater.CheckForUpdate-checking if new updates are available URL: http://localhost:9090/updates/product
2025-03-16 22:10:09[main][ERROR]com.sam.updater.CheckForUpdate-Failed to connect to the server. Response code: 500
2025-03-16 22:10:09[main][INFO ]com.sam.updater.CheckForUpdate-loading local xml file from directory: C:\Users\vitthals\Desktop\Sameer\Updater\target\MetaData\update_meta_data.xml
2025-03-16 22:10:09[main][ERROR]com.sam.updater.CheckForUpdate-Error reading the file
java.nio.file.NoSuchFileException: C:\Users\vitthals\Desktop\Sameer\Updater\target\MetaData\update_meta_data.xml
	at java.base/sun.nio.fs.WindowsException.translateToIOException(WindowsException.java:85)
	at java.base/sun.nio.fs.WindowsException.rethrowAsIOException(WindowsException.java:103)
	at java.base/sun.nio.fs.WindowsException.rethrowAsIOException(WindowsException.java:108)
	at java.base/sun.nio.fs.WindowsFileSystemProvider.newByteChannel(WindowsFileSystemProvider.java:236)
	at java.base/java.nio.file.Files.newByteChannel(Files.java:380)
	at java.base/java.nio.file.Files.newByteChannel(Files.java:432)
	at java.base/java.nio.file.spi.FileSystemProvider.newInputStream(FileSystemProvider.java:422)
	at java.base/java.nio.file.Files.newInputStream(Files.java:160)
	at com.sam.updater.CheckForUpdate.loadLocalUpdateMetaData(CheckForUpdate.java:202)
	at com.sam.updater.CheckForUpdate.checkIfUpdateAvailable(CheckForUpdate.java:229)
	at com.sam.Main.main(Main.java:15)
2025-03-16 22:12:29[main][INFO ]com.sam.updater.CheckForUpdate-loading  xml file from server URL: http://localhost:9090/updates/product
2025-03-16 22:12:29[main][ERROR]com.sam.updater.CheckForUpdate-Failed to connect to the server. Response code: 500
2025-03-16 22:12:29[main][ERROR]com.sam.updater.CheckForUpdate-The file does not exist at: C:\Users\vitthals\Desktop\Sameer\Updater\target\MetaData\update_meta_data.xml
2025-03-16 22:12:29[main][INFO ]com.sam.updater.CheckForUpdate-checking if new updates are available URL: http://localhost:9090/updates/product
2025-03-16 22:12:30[main][ERROR]com.sam.updater.CheckForUpdate-Failed to connect to the server. Response code: 500
2025-03-16 22:12:30[main][INFO ]com.sam.updater.CheckForUpdate-loading local xml file from directory: C:\Users\vitthals\Desktop\Sameer\Updater\target\MetaData\update_meta_data.xml
2025-03-16 22:12:30[main][ERROR]com.sam.updater.CheckForUpdate-Error reading the file
java.nio.file.NoSuchFileException: C:\Users\vitthals\Desktop\Sameer\Updater\target\MetaData\update_meta_data.xml
	at java.base/sun.nio.fs.WindowsException.translateToIOException(WindowsException.java:85)
	at java.base/sun.nio.fs.WindowsException.rethrowAsIOException(WindowsException.java:103)
	at java.base/sun.nio.fs.WindowsException.rethrowAsIOException(WindowsException.java:108)
	at java.base/sun.nio.fs.WindowsFileSystemProvider.newByteChannel(WindowsFileSystemProvider.java:236)
	at java.base/java.nio.file.Files.newByteChannel(Files.java:380)
	at java.base/java.nio.file.Files.newByteChannel(Files.java:432)
	at java.base/java.nio.file.spi.FileSystemProvider.newInputStream(FileSystemProvider.java:422)
	at java.base/java.nio.file.Files.newInputStream(Files.java:160)
	at com.sam.updater.CheckForUpdate.loadLocalUpdateMetaData(CheckForUpdate.java:202)
	at com.sam.updater.CheckForUpdate.checkIfUpdateAvailable(CheckForUpdate.java:229)
	at com.sam.Main.main(Main.java:15)
2025-03-16 22:19:05[main][INFO ]com.sam.updater.CheckForUpdate-loading  xml file from server URL: http://localhost:9090/updates/product
2025-03-16 22:19:05[main][ERROR]com.sam.updater.CheckForUpdate-Failed to connect to the server. Response code: 500
2025-03-16 22:19:05[main][ERROR]com.sam.updater.CheckForUpdate-The file does not exist at: C:\Users\vitthals\Desktop\Sameer\Updater\target\MetaData\update_meta_data.xml
2025-03-16 22:19:05[main][INFO ]com.sam.updater.CheckForUpdate-checking if new updates are available URL: http://localhost:9090/updates/product
2025-03-16 22:19:05[main][ERROR]com.sam.updater.CheckForUpdate-Failed to connect to the server. Response code: 500
2025-03-16 22:19:05[main][INFO ]com.sam.updater.CheckForUpdate-loading local xml file from directory: C:\Users\vitthals\Desktop\Sameer\Updater\target\MetaData\update_meta_data.xml
2025-03-16 22:19:05[main][ERROR]com.sam.updater.CheckForUpdate-Error reading the file
java.nio.file.NoSuchFileException: C:\Users\vitthals\Desktop\Sameer\Updater\target\MetaData\update_meta_data.xml
	at java.base/sun.nio.fs.WindowsException.translateToIOException(WindowsException.java:85)
	at java.base/sun.nio.fs.WindowsException.rethrowAsIOException(WindowsException.java:103)
	at java.base/sun.nio.fs.WindowsException.rethrowAsIOException(WindowsException.java:108)
	at java.base/sun.nio.fs.WindowsFileSystemProvider.newByteChannel(WindowsFileSystemProvider.java:236)
	at java.base/java.nio.file.Files.newByteChannel(Files.java:380)
	at java.base/java.nio.file.Files.newByteChannel(Files.java:432)
	at java.base/java.nio.file.spi.FileSystemProvider.newInputStream(FileSystemProvider.java:422)
	at java.base/java.nio.file.Files.newInputStream(Files.java:160)
	at com.sam.updater.CheckForUpdate.loadLocalUpdateMetaData(CheckForUpdate.java:202)
	at com.sam.updater.CheckForUpdate.checkIfUpdateAvailable(CheckForUpdate.java:229)
	at com.sam.Main.main(Main.java:15)
2025-03-16 22:22:05[main][INFO ]com.sam.updater.CheckForUpdate-loading  xml file from server URL: http://localhost:9090/updates/product
2025-03-16 22:22:06[main][ERROR]com.sam.updater.CheckForUpdate-Failed to connect to the server. Response code: 500
2025-03-16 22:22:06[main][ERROR]com.sam.updater.CheckForUpdate-The file does not exist at: C:\Users\vitthals\Desktop\Sameer\Updater\target\MetaData\update_meta_data.xml
2025-03-16 22:22:06[main][INFO ]com.sam.updater.CheckForUpdate-checking if new updates are available URL: http://localhost:9090/updates/product
2025-03-16 22:22:06[main][ERROR]com.sam.updater.CheckForUpdate-Failed to connect to the server. Response code: 500
2025-03-16 22:22:06[main][INFO ]com.sam.updater.CheckForUpdate-loading local xml file from directory: C:\Users\vitthals\Desktop\Sameer\Updater\target\MetaData\update_meta_data.xml
2025-03-16 22:22:06[main][ERROR]com.sam.updater.CheckForUpdate-Error reading the file
java.nio.file.NoSuchFileException: C:\Users\vitthals\Desktop\Sameer\Updater\target\MetaData\update_meta_data.xml
	at java.base/sun.nio.fs.WindowsException.translateToIOException(WindowsException.java:85)
	at java.base/sun.nio.fs.WindowsException.rethrowAsIOException(WindowsException.java:103)
	at java.base/sun.nio.fs.WindowsException.rethrowAsIOException(WindowsException.java:108)
	at java.base/sun.nio.fs.WindowsFileSystemProvider.newByteChannel(WindowsFileSystemProvider.java:236)
	at java.base/java.nio.file.Files.newByteChannel(Files.java:380)
	at java.base/java.nio.file.Files.newByteChannel(Files.java:432)
	at java.base/java.nio.file.spi.FileSystemProvider.newInputStream(FileSystemProvider.java:422)
	at java.base/java.nio.file.Files.newInputStream(Files.java:160)
	at com.sam.updater.CheckForUpdate.loadLocalUpdateMetaData(CheckForUpdate.java:202)
	at com.sam.updater.CheckForUpdate.checkIfUpdateAvailable(CheckForUpdate.java:229)
	at com.sam.Main.main(Main.java:15)
2025-03-16 22:26:57[main][INFO ]com.sam.updater.CheckForUpdate-loading  xml file from server URL: http://localhost:9090/updates/product
2025-03-16 22:26:57[main][ERROR]com.sam.updater.CheckForUpdate-Failed to connect to the server. Response code: 500
2025-03-16 22:26:57[main][ERROR]com.sam.updater.CheckForUpdate-The file does not exist at: C:\Users\vitthals\Desktop\Sameer\Updater\target\MetaData\update_meta_data.xml
2025-03-16 22:26:57[main][INFO ]com.sam.updater.CheckForUpdate-checking if new updates are available URL: http://localhost:9090/updates/product
2025-03-16 22:26:57[main][ERROR]com.sam.updater.CheckForUpdate-Failed to connect to the server. Response code: 500
2025-03-16 22:26:57[main][INFO ]com.sam.updater.CheckForUpdate-loading local xml file from directory: C:\Users\vitthals\Desktop\Sameer\Updater\target\MetaData\update_meta_data.xml
2025-03-16 22:26:57[main][ERROR]com.sam.updater.CheckForUpdate-Error reading the file
java.nio.file.NoSuchFileException: C:\Users\vitthals\Desktop\Sameer\Updater\target\MetaData\update_meta_data.xml
	at java.base/sun.nio.fs.WindowsException.translateToIOException(WindowsException.java:85)
	at java.base/sun.nio.fs.WindowsException.rethrowAsIOException(WindowsException.java:103)
	at java.base/sun.nio.fs.WindowsException.rethrowAsIOException(WindowsException.java:108)
	at java.base/sun.nio.fs.WindowsFileSystemProvider.newByteChannel(WindowsFileSystemProvider.java:236)
	at java.base/java.nio.file.Files.newByteChannel(Files.java:380)
	at java.base/java.nio.file.Files.newByteChannel(Files.java:432)
	at java.base/java.nio.file.spi.FileSystemProvider.newInputStream(FileSystemProvider.java:422)
	at java.base/java.nio.file.Files.newInputStream(Files.java:160)
	at com.sam.updater.CheckForUpdate.loadLocalUpdateMetaData(CheckForUpdate.java:202)
	at com.sam.updater.CheckForUpdate.checkIfUpdateAvailable(CheckForUpdate.java:229)
	at com.sam.Main.main(Main.java:15)
2025-03-16 22:28:09[main][INFO ]com.sam.updater.CheckForUpdate-loading  xml file from server URL: http://localhost:9090/updates/product
2025-03-16 22:28:09[main][ERROR]com.sam.updater.CheckForUpdate-Failed to connect to the server. Response code: 500
2025-03-16 22:28:09[main][ERROR]com.sam.updater.CheckForUpdate-The file does not exist at: C:\Users\vitthals\Desktop\Sameer\Updater\target\MetaData\update_meta_data.xml
2025-03-16 22:28:09[main][INFO ]com.sam.updater.CheckForUpdate-checking if new updates are available URL: http://localhost:9090/updates/product
2025-03-16 22:28:09[main][ERROR]com.sam.updater.CheckForUpdate-Failed to connect to the server. Response code: 500
2025-03-16 22:28:09[main][INFO ]com.sam.updater.CheckForUpdate-loading local xml file from directory: C:\Users\vitthals\Desktop\Sameer\Updater\target\MetaData\update_meta_data.xml
2025-03-16 22:28:09[main][ERROR]com.sam.updater.CheckForUpdate-Error reading the file
java.nio.file.NoSuchFileException: C:\Users\vitthals\Desktop\Sameer\Updater\target\MetaData\update_meta_data.xml
	at java.base/sun.nio.fs.WindowsException.translateToIOException(WindowsException.java:85)
	at java.base/sun.nio.fs.WindowsException.rethrowAsIOException(WindowsException.java:103)
	at java.base/sun.nio.fs.WindowsException.rethrowAsIOException(WindowsException.java:108)
	at java.base/sun.nio.fs.WindowsFileSystemProvider.newByteChannel(WindowsFileSystemProvider.java:236)
	at java.base/java.nio.file.Files.newByteChannel(Files.java:380)
	at java.base/java.nio.file.Files.newByteChannel(Files.java:432)
	at java.base/java.nio.file.spi.FileSystemProvider.newInputStream(FileSystemProvider.java:422)
	at java.base/java.nio.file.Files.newInputStream(Files.java:160)
	at com.sam.updater.CheckForUpdate.loadLocalUpdateMetaData(CheckForUpdate.java:202)
	at com.sam.updater.CheckForUpdate.checkIfUpdateAvailable(CheckForUpdate.java:229)
	at com.sam.Main.main(Main.java:15)
2025-03-16 22:29:41[main][INFO ]com.sam.updater.CheckForUpdate-loading  xml file from server URL: http://localhost:9090/updates/product
2025-03-16 22:29:41[main][ERROR]com.sam.updater.CheckForUpdate-Failed to connect to the server. Response code: 500
2025-03-16 22:29:41[main][ERROR]com.sam.updater.CheckForUpdate-The file does not exist at: C:\Users\vitthals\Desktop\Sameer\Updater\target\MetaData\update_meta_data.xml
2025-03-16 22:29:41[main][INFO ]com.sam.updater.CheckForUpdate-checking if new updates are available URL: http://localhost:9090/updates/product
2025-03-16 22:29:41[main][ERROR]com.sam.updater.CheckForUpdate-Failed to connect to the server. Response code: 500
2025-03-16 22:29:41[main][INFO ]com.sam.updater.CheckForUpdate-loading local xml file from directory: C:\Users\vitthals\Desktop\Sameer\Updater\target\MetaData\update_meta_data.xml
2025-03-16 22:29:41[main][ERROR]com.sam.updater.CheckForUpdate-Error reading the file
java.nio.file.NoSuchFileException: C:\Users\vitthals\Desktop\Sameer\Updater\target\MetaData\update_meta_data.xml
	at java.base/sun.nio.fs.WindowsException.translateToIOException(WindowsException.java:85)
	at java.base/sun.nio.fs.WindowsException.rethrowAsIOException(WindowsException.java:103)
	at java.base/sun.nio.fs.WindowsException.rethrowAsIOException(WindowsException.java:108)
	at java.base/sun.nio.fs.WindowsFileSystemProvider.newByteChannel(WindowsFileSystemProvider.java:236)
	at java.base/java.nio.file.Files.newByteChannel(Files.java:380)
	at java.base/java.nio.file.Files.newByteChannel(Files.java:432)
	at java.base/java.nio.file.spi.FileSystemProvider.newInputStream(FileSystemProvider.java:422)
	at java.base/java.nio.file.Files.newInputStream(Files.java:160)
	at com.sam.updater.CheckForUpdate.loadLocalUpdateMetaData(CheckForUpdate.java:202)
	at com.sam.updater.CheckForUpdate.checkIfUpdateAvailable(CheckForUpdate.java:229)
	at com.sam.Main.main(Main.java:15)
2025-03-16 22:31:21[main][INFO ]com.sam.updater.CheckForUpdate-loading  xml file from server URL: http://localhost:9090/updates/product
2025-03-16 22:31:21[main][ERROR]com.sam.updater.CheckForUpdate-The file does not exist at: C:\Users\vitthals\Desktop\Sameer\Updater\target\MetaData\update_meta_data.xml
2025-03-16 22:31:21[main][INFO ]com.sam.updater.CheckForUpdate-checking if new updates are available URL: http://localhost:9090/updates/product
2025-03-16 22:31:21[main][INFO ]com.sam.updater.CheckForUpdate-Created missing directories at: C:\Users\vitthals\Desktop\Sameer\Updater\target\MetaData
2025-03-16 22:31:21[main][INFO ]com.sam.updater.CheckForUpdate-update xml directory path path:C:\Users\vitthals\Desktop\Sameer\Updater\target\MetaData\update_meta_data.xml
2025-03-16 22:31:21[main][INFO ]com.sam.updater.CheckForUpdate-loading local xml file from directory: C:\Users\vitthals\Desktop\Sameer\Updater\target\MetaData\update_meta_data.xml
2025-03-16 22:31:21[main][INFO ]com.sam.updater.CheckForUpdate-Application is already up to date.......... 
2025-03-16 22:31:21[main][INFO ]com.sam.updater.CheckForUpdate-Local hash: 38293698203971db80a890c988a068f6ad3372c53e36c834cd1c0e70179345ba   Server hash:38293698203971db80a890c988a068f6ad3372c53e36c834cd1c0e70179345ba
2025-03-16 22:31:21[main][INFO ]com.sam.updater.CheckForUpdate-Taking backup: currentLocationPath : C:\Users\vitthals\Desktop\Sameer\Updater\target\Test2-Updated.jar, backupLocationPath : C:\Users\vitthals\Desktop\Sameer\Updater\target\bkp\Test2-Updated.jar
2025-03-16 22:31:21[main][INFO ]com.sam.updater.CheckForUpdate-Backup failed since Source file does not exist: C:\Users\vitthals\Desktop\Sameer\Updater\target\Test2-Updated.jar
2025-03-16 22:31:21[main][WARN ]com.sam.updater.CheckForUpdate-Rename failed since Original file does not exist: C:\Users\vitthals\Desktop\Sameer\Updater\target\old.jar
2025-03-16 22:31:21[main][INFO ]com.sam.updater.CheckForUpdate-JAR file is starting...
2025-03-16 22:34:05[main][INFO ]com.sam.updater.CheckForUpdate-loading  xml file from server URL: http://localhost:9090/updates/product
2025-03-16 22:34:05[main][INFO ]com.sam.updater.CheckForUpdate-loading local xml file from directory: C:\Users\vitthals\Desktop\Sameer\Updater\target\MetaData\update_meta_data.xml
2025-03-16 22:34:05[main][INFO ]com.sam.updater.CheckForUpdate-New Update available............
2025-03-16 22:34:05[main][INFO ]com.sam.updater.CheckForUpdate-Local hash: 3829369803971db80a890c988a068f6ad3372c53e36c834cd1c0e70179345ba   Server hash:38293698203971db80a890c988a068f6ad3372c53e36c834cd1c0e70179345ba
2025-03-16 22:34:05[main][INFO ]com.sam.updater.CheckForUpdate-Taking backup: currentLocationPath : C:\Users\vitthals\Desktop\Sameer\Updater\target\Test2-Updated.jar, backupLocationPath : C:\Users\vitthals\Desktop\Sameer\Updater\target\bkp\Test2-Updated.jar
2025-03-16 22:34:05[main][INFO ]com.sam.updater.CheckForUpdate-Backup failed since Source file does not exist: C:\Users\vitthals\Desktop\Sameer\Updater\target\Test2-Updated.jar
2025-03-16 22:34:05[main][WARN ]com.sam.updater.CheckForUpdate-Rename failed since Original file does not exist: C:\Users\vitthals\Desktop\Sameer\Updater\target\old.jar
2025-03-16 22:34:05[main][INFO ]com.sam.updater.CheckForUpdate-JAR file is starting...
2025-03-16 22:40:01[main][INFO ]com.sam.updater.CheckForUpdate-loading  xml file from server URL: http://localhost:9090/updates/product
2025-03-16 22:40:01[main][ERROR]com.sam.updater.CheckForUpdate-The file does not exist at: C:\Users\vitthals\Desktop\Sameer\Updater\target\MetaData\update_meta_data.xml
2025-03-16 22:40:01[main][INFO ]com.sam.updater.CheckForUpdate-checking if new updates are available URL: http://localhost:9090/updates/product
2025-03-16 22:40:01[main][INFO ]com.sam.updater.CheckForUpdate-update xml directory path path:C:\Users\vitthals\Desktop\Sameer\Updater\target\MetaData\update_meta_data.xml
2025-03-16 22:40:01[main][INFO ]com.sam.updater.CheckForUpdate-loading local xml file from directory: C:\Users\vitthals\Desktop\Sameer\Updater\target\MetaData\update_meta_data.xml
2025-03-16 22:40:01[main][INFO ]com.sam.updater.CheckForUpdate-Application is already up to date.......... 
2025-03-16 22:40:01[main][INFO ]com.sam.updater.CheckForUpdate-Local hash: 38293698203971db80a890c988a068f6ad3372c53e36c834cd1c0e70179345ba   Server hash:38293698203971db80a890c988a068f6ad3372c53e36c834cd1c0e70179345ba
2025-03-16 22:40:01[main][INFO ]com.sam.updater.CheckForUpdate-Taking backup: currentLocationPath : C:\Users\vitthals\Desktop\Sameer\Updater\target\Test2-Updated.jar, backupLocationPath : C:\Users\vitthals\Desktop\Sameer\Updater\target\bkp\Test2-Updated.jar
2025-03-16 22:40:01[main][INFO ]com.sam.updater.CheckForUpdate-Backup failed since Source file does not exist: C:\Users\vitthals\Desktop\Sameer\Updater\target\Test2-Updated.jar
2025-03-16 22:40:01[main][WARN ]com.sam.updater.CheckForUpdate-Rename failed since Original file does not exist: C:\Users\vitthals\Desktop\Sameer\Updater\target\old.jar
2025-03-16 22:40:01[main][INFO ]com.sam.updater.CheckForUpdate-JAR file is starting...
